<?xml version="1.0" encoding="UTF-8"?>
<!-- Generated by org.testng.reporters.JUnitReportReporter -->
<testsuite hostname="DESKTOP-C3EAQI9" failures="0" tests="1" name="com.retrans.test.RetransTest" time="45.713" errors="0" timestamp="2023-02-17T18:52:37 IST" skipped="0">
  <testcase classname="com.retrans.test.RetransTest" name="closeInactiveQuery" time="45.713"/>
</testsuite> <!-- com.retrans.test.RetransTest -->
